<?xml version="1.0" encoding="UTF-8"?>
<!-- Generated by org.testng.reporters.JUnitXMLReporter -->
<testsuite ignored="0" hostname="LAPTOP-RUAJM82B" failures="1" tests="2" name="Calculator Test" time="64.259" errors="0" timestamp="2021-07-24T01:55:02 IST">
  <testcase classname="testcases.Calc_TC" name="verifyPreviewResult_Positive" time="4.456">
    <failure type="java.lang.AssertionError" message="expected [12] but found [13]">
      <![CDATA[java.lang.AssertionError: expected [12] but found [13]
at testcases.Calc_TC.verifyPreviewResult_Positive(Calc_TC.java:22)
at java.base/java.util.ArrayList.forEach(ArrayList.java:1511)
... Removed 33 stack frames]]>
    </failure>
  </testcase> <!-- verifyPreviewResult_Positive -->
  <testcase classname="testcases.Calc_TC" name="verifyCalculationScreen" time="4.403"/>
</testsuite> <!-- Calculator Test -->
